Cloning into 'spa'...

> core-js@3.6.4 postinstall /home/vagrant/spa/app/node_modules/core-js
> node -e "try{require('./postinstall')}catch(e){}"

[96mThank you for using core-js ([94m https://github.com/zloirock/core-js [96m) for polyfilling JavaScript standard library![0m

[96mThe project needs your help! Please consider supporting of core-js on Open Collective or Patreon: [0m
[96m>[94m https://opencollective.com/core-js [0m
[96m>[94m https://www.patreon.com/zloirock [0m

[96mAlso, the author of core-js ([94m https://github.com/zloirock [96m) is looking for a good job -)[0m


> @angular/cli@9.1.0 postinstall /home/vagrant/spa/app/node_modules/@angular/cli
> node ./bin/postinstall/script.js

npm WARN optional SKIPPING OPTIONAL DEPENDENCY: fsevents@1.2.12 (node_modules/webpack-dev-server/node_modules/fsevents):
npm WARN notsup SKIPPING OPTIONAL DEPENDENCY: Unsupported platform for fsevents@1.2.12: wanted {"os":"darwin","arch":"any"} (current: {"os":"linux","arch":"x64"})
npm WARN optional SKIPPING OPTIONAL DEPENDENCY: fsevents@1.2.12 (node_modules/watchpack/node_modules/fsevents):
npm WARN notsup SKIPPING OPTIONAL DEPENDENCY: Unsupported platform for fsevents@1.2.12: wanted {"os":"darwin","arch":"any"} (current: {"os":"linux","arch":"x64"})
npm WARN optional SKIPPING OPTIONAL DEPENDENCY: fsevents@2.1.2 (node_modules/fsevents):
npm WARN notsup SKIPPING OPTIONAL DEPENDENCY: Unsupported platform for fsevents@2.1.2: wanted {"os":"darwin","arch":"any"} (current: {"os":"linux","arch":"x64"})

added 1383 packages from 1121 contributors and audited 1521 packages in 32.303s

47 packages are looking for funding
  run `npm fund` for details

found 322 vulnerabilities (314 low, 8 high)
  run `npm audit fix` to fix them, or `npm audit` for details

> hello-spa@0.0.0 build /home/vagrant/spa/app
> ng build

Compiling @angular/animations : es2015 as esm2015
Compiling @angular/core : es2015 as esm2015
Compiling @angular/animations/browser : es2015 as esm2015
Compiling @angular/animations/browser/testing : es2015 as esm2015
Compiling @angular/common : es2015 as esm2015
Compiling @angular/common/http : es2015 as esm2015
Compiling @angular/common/http/testing : es2015 as esm2015
Compiling @angular/forms : es2015 as esm2015
Compiling @angular/platform-browser : es2015 as esm2015
Compiling @angular/platform-browser/animations : es2015 as esm2015
Compiling @angular/core/testing : es2015 as esm2015
Compiling @angular/platform-browser-dynamic : es2015 as esm2015
Compiling @angular/platform-browser/testing : es2015 as esm2015
Compiling @angular/compiler/testing : es2015 as esm2015
Compiling @angular/platform-browser-dynamic/testing : es2015 as esm2015
Compiling @angular/common/testing : es2015 as esm2015
Compiling @angular/router : es2015 as esm2015
Compiling @angular/router/testing : es2015 as esm2015
Generating ES5 bundles for differential loading...
ES5 bundle generation complete.

chunk {polyfills} polyfills-es2015.js, polyfills-es2015.js.map (polyfills) 141 kB [initial] [rendered]
chunk {main} main-es2015.js, main-es2015.js.map (main) 21.1 kB [initial] [rendered]
chunk {main} main-es5.js, main-es5.js.map (main) 22.5 kB [initial] [rendered]
chunk {runtime} runtime-es2015.js, runtime-es2015.js.map (runtime) 6.16 kB [entry] [rendered]
chunk {runtime} runtime-es5.js, runtime-es5.js.map (runtime) 6.16 kB [entry] [rendered]
chunk {styles} styles-es2015.js, styles-es2015.js.map (styles) 9.76 kB [initial] [rendered]
chunk {styles} styles-es5.js, styles-es5.js.map (styles) 10.9 kB [initial] [rendered]
chunk {polyfills-es5} polyfills-es5.js, polyfills-es5.js.map (polyfills-es5) 656 kB [initial] [rendered]
chunk {vendor} vendor-es2015.js, vendor-es2015.js.map (vendor) 2.66 MB [initial] [rendered]
chunk {vendor} vendor-es5.js, vendor-es5.js.map (vendor) 3.12 MB [initial] [rendered]
Date: 2021-01-19T18:51:43.585Z - Hash: b1b48fe3d39d7fe50647 - Time: 63976ms
Your global Angular CLI version (11.0.7) is greater than your local version (9.1.0). The local Angular CLI version is used.

To disable this warning use "ng config -g cli.warnings.versionMismatch false".
[18:51:48] I/file_manager - creating folder /home/vagrant/spa/app/node_modules/protractor/node_modules/webdriver-manager/selenium
[18:51:48] I/config_source - curl -o/home/vagrant/spa/app/node_modules/protractor/node_modules/webdriver-manager/selenium/chrome-response.xml https://chromedriver.storage.googleapis.com/
[18:51:49] I/downloader - curl -o/home/vagrant/spa/app/node_modules/protractor/node_modules/webdriver-manager/selenium/chromedriver_87.0.4280.88.zip https://chromedriver.storage.googleapis.com/87.0.4280.88/chromedriver_linux64.zip
[18:51:49] I/update - chromedriver: unzipping chromedriver_87.0.4280.88.zip
[18:51:49] I/update - chromedriver: setting permissions to 0755 for /home/vagrant/spa/app/node_modules/protractor/node_modules/webdriver-manager/selenium/chromedriver_87.0.4280.88

chunk {main} main.js, main.js.map (main) 22.5 kB [initial] [rendered]
chunk {polyfills} polyfills.js, polyfills.js.map (polyfills) 141 kB [initial] [rendered]
chunk {runtime} runtime.js, runtime.js.map (runtime) 6.15 kB [entry] [rendered]
chunk {styles} styles.js, styles.js.map (styles) 9.75 kB [initial] [rendered]
chunk {vendor} vendor.js, vendor.js.map (vendor) 2.99 MB [initial] [rendered]
Date: 2021-01-19T18:52:07.710Z - Hash: ab5b7b09d52eb1a8d33c - Time: 10330ms
** Angular Live Development Server is listening on localhost:4200, open your browser on http://localhost:4200/ **
: Compiled successfully.
[18:52:08] I/launcher - Running 1 instances of WebDriver
[18:52:08] I/direct - Using ChromeDriver directly...
Jasmine started

  workspace-project App
    [32m✓ should display welcome message[39m

Executed 1 of 1 spec[32m SUCCESS[39m in 1 sec.
[18:52:13] I/launcher - 0 instance(s) of WebDriver still running
[18:52:13] I/launcher - chrome #01 passed
Sending build context to Docker daemon  428.8MB
Step 1/3 : FROM nginx:1.17.1-alpine
1.17.1-alpine: Pulling from library/nginx
e7c96db7181b: Pulling fs layer
3fb6217217ef: Pulling fs layer
e7c96db7181b: Verifying Checksum
e7c96db7181b: Download complete
3fb6217217ef: Verifying Checksum
3fb6217217ef: Download complete
e7c96db7181b: Pull complete
3fb6217217ef: Pull complete
Digest: sha256:17bd1698318e9c0f9ba2c5ed49f53d690684dab7fe3e8019b855c352528d57be
Status: Downloaded newer image for nginx:1.17.1-alpine
 ---> ea1193fd3dde
Step 2/3 : COPY ./configuration/nginx.conf /etc/nginx/nginx.conf
 ---> e936b0cac53f
Step 3/3 : COPY ./app/dist/hello-spa/ /usr/share/nginx/html/
 ---> 64fdd3a1491f
Successfully built 64fdd3a1491f
Successfully tagged localhost:5000/spa:0.1
eca2be4080e6329a57e9f68cdbfd208801b32d69077aaff52db9abc07720ae93
HTTP/1.1 200 OK
Test it docker is up - OK, good job :D!
spa
spa
The push refers to repository [localhost:5000/spa]
fd701b4316a0: Preparing
83a186ed8d62: Preparing
fbe0fc9bcf95: Preparing
f1b5933fe4b5: Preparing
83a186ed8d62: Pushed
fd701b4316a0: Pushed
f1b5933fe4b5: Pushed
fbe0fc9bcf95: Pushed
0.1: digest: sha256:5a768257ed127f6adcea4a11425f5df9909d42db879e8c0deac22ed82331d841 size: 1157
